part1 - Sklearn MSE: 140.12679777423435
part1 - Iteration 0, loss: 7639.009806566274
part1 - Iteration 3000, loss: 5010.907189629511
part1 - Iteration 6000, loss: 3344.049493065144
part1 - Iteration 9000, loss: 2260.003064047456
part1 - Iteration 12000, loss: 1546.51686698734
part1 - Iteration 15000, loss: 1074.308873883241
part1 - Iteration 18000, loss: 760.9929344037348
part1 - Iteration 21000, loss: 552.8640516800901
part1 - Iteration 24000, loss: 414.53695855608595
part1 - Iteration 27000, loss: 322.578445896481
part1 - Iteration 30000, loss: 261.43974617253735
part1 - Iteration 33000, loss: 220.7897882528904
part1 - Iteration 36000, loss: 193.76294232284306
part1 - Iteration 39000, loss: 175.78911508930756
part1 - Iteration 42000, loss: 163.84072009709794
part1 - Iteration 45000, loss: 155.8939504472948
part1 - Iteration 48000, loss: 150.61185707351223
part1 - Iteration 51000, loss: 147.09962759254262
part1 - Iteration 54000, loss: 144.76093688556338
part1 - Iteration 57000, loss: 143.20844590403954
part1 - Iteration 60000, loss: 142.17865557987554
part1 - Iteration 63000, loss: 141.49198440943076
part1 - Iteration 66000, loss: 141.03437042086284
part1 - Iteration 69000, loss: 140.73190670555311
part1 - Iteration 72000, loss: 140.5296274256483
part1 - Iteration 75000, loss: 140.3958664349415
part1 - Iteration 78000, loss: 140.30608852184642
part1 - Iteration 81000, loss: 140.24468254267086
part1 - Iteration 84000, loss: 140.20775302480442
part1 - Iteration 87000, loss: 140.18022214085576
part1 - Iteration 90000, loss: 140.16176419698007
part1 - Iteration 93000, loss: 140.15249337889853
part1 - Iteration 96000, loss: 140.14464776657513
part1 - Iteration 99000, loss: 140.13822736000984
part1 - Iteration 102000, loss: 140.13323215920266
part1 - Converged after 103665 iterations.
part1 - My MSE: 140.1310759808032
part1 - Normal equation without bias MSE: 493.83868808413126
part1 - Normal equation with bias MSE: 140.12679777423435
