part2 - Loading data...
part2 - Vectorizing images...
part2 - ==================================================
part2 - Training models...
part2 - *************************
part2 - Fold 1
part2 - Accuracy: 0.94
part2 - F1: 0.92
part2 - *************************
part2 - Fold 2
part2 - Accuracy: 0.94
part2 - F1: 0.92
part2 - *************************
part2 - Fold 3
part2 - Accuracy: 0.94
part2 - F1: 0.92
part2 - *************************
part2 - Fold 4
part2 - Accuracy: 0.88
part2 - F1: 0.82
part2 - *************************
part2 - Fold 5
part2 - Accuracy: 0.98
part2 - F1: 0.97
part2 - ==================================================
part2 - Final results:
part2 - Accuracy: 0.88
part2 - F1: 0.86
